 ATMOSPHERIC MODEL=TRA.d
 plevel,tlayer,wlayer,olayer
  3.0000001E-04   214.7000      3.2536880E-06  5.1111357E-07
  5.7900000E-02   244.7500      3.2513776E-06  2.4191413E-06
  0.8540000       267.4500      3.2505036E-06  5.0597550E-06
   1.590000       259.6000      3.2534856E-06  8.0149093E-06
   3.050000       248.8000      3.2512457E-06  1.0260727E-05
   6.000000       237.8000      3.2498256E-06  1.1913247E-05
   12.20000       226.8000      3.2450639E-06  1.0760887E-05
   25.70000       220.2000      3.2437408E-06  7.7659352E-06
   30.00000       218.0000      3.2524240E-06  6.4101660E-06
   35.00000       215.7500      3.2543230E-06  4.9548325E-06
   40.90000       213.0500      3.2519249E-06  3.6263805E-06
   48.00000       209.5500      3.2495650E-06  2.5197692E-06
   56.50000       205.6000      3.2477060E-06  1.6162585E-06
   66.60000       201.5500      3.2492562E-06  9.4088836E-07
   78.90000       197.5500      3.2497173E-06  5.3334810E-07
   93.70000       196.2000      3.2448490E-06  3.2633142E-07
   111.0000       200.2000      3.2967805E-06  2.2364681E-07
   132.0000       207.0000      3.5844810E-06  1.9115632E-07
   156.0000       213.7000      4.9718215E-06  1.6411596E-07
   182.0000       220.4000      1.2231983E-05  1.4185224E-07
   213.0000       227.1000      3.3133285E-05  1.1973593E-07
   247.0000       233.8000      8.2292048E-05  1.0131467E-07
   286.0000       240.5000      1.8701985E-04  8.7903317E-08
   329.0000       247.2000      3.6657258E-04  7.8588656E-08
   378.0000       253.9500      6.4051035E-04  7.2157803E-08
   432.0000       260.6500      1.0649480E-03  6.8164368E-08
   492.0000       267.3500      1.7257193E-03  6.4392410E-08
   559.0000       274.0500      2.7364695E-03  6.0838239E-08
   633.0000       280.5000      4.3487060E-03  5.8595248E-08
   715.0000       286.0000      7.4525177E-03  5.6800097E-08
   805.0000       291.2500      1.0847027E-02  5.3914906E-08
   904.0000       297.0500      1.4146117E-02  4.9951183E-08
   1013.000    
 high    = false 
 trace   = false 
 overcast= false 
 cldwater= false 
 aerosol = false 

    ts = 300.00 K
   co2 = 0.300E-03 pppv
   n2o = 0.280E-06 pppv
   ch4 = 0.175E-05 pppv
   f11 = 0.300E-09 pppv
   f12 = 0.500E-09 pppv
   f22 = 0.200E-09 pppv

 ******  INPUT DATA  ******

          p       T       q        o3        taucl     fcld    taual(5)
         (mb)    (k)    (g/g)    (g/g)

   1    0.0003
               214.70 3.254E-06 5.111E-07     0.00    0.00    0.000
   2    0.0579
               244.75 3.251E-06 2.419E-06     0.00    0.00    0.000
   3    0.8540
               267.45 3.251E-06 5.060E-06     0.00    0.00    0.000
   4    1.5900
               259.60 3.253E-06 8.015E-06     0.00    0.00    0.000
   5    3.0500
               248.80 3.251E-06 1.026E-05     0.00    0.00    0.000
   6    6.0000
               237.80 3.250E-06 1.191E-05     0.00    0.00    0.000
   7   12.2000
               226.80 3.245E-06 1.076E-05     0.00    0.00    0.000
   8   25.7000
               220.20 3.244E-06 7.766E-06     0.00    0.00    0.000
   9   30.0000
               218.00 3.252E-06 6.410E-06     0.00    0.00    0.000
  10   35.0000
               215.75 3.254E-06 4.955E-06     0.00    0.00    0.000
  11   40.9000
               213.05 3.252E-06 3.626E-06     0.00    0.00    0.000
  12   48.0000
               209.55 3.250E-06 2.520E-06     0.00    0.00    0.000
  13   56.5000
               205.60 3.248E-06 1.616E-06     0.00    0.00    0.000
  14   66.6000
               201.55 3.249E-06 9.409E-07     0.00    0.00    0.000
  15   78.9000
               197.55 3.250E-06 5.333E-07     0.00    0.00    0.000
  16   93.7000
               196.20 3.245E-06 3.263E-07     0.00    0.00    0.000
  17  111.0000
               200.20 3.297E-06 2.236E-07     0.00    0.00    0.000
  18  132.0000
               207.00 3.584E-06 1.912E-07     0.00    0.00    0.000
  19  156.0000
               213.70 4.972E-06 1.641E-07     0.00    0.00    0.000
  20  182.0000
               220.40 1.223E-05 1.419E-07     0.00    0.00    0.000
  21  213.0000
               227.10 3.313E-05 1.197E-07     0.00    0.00    0.000
  22  247.0000
               233.80 8.229E-05 1.013E-07     0.00    0.00    0.000
  23  286.0000
               240.50 1.870E-04 8.790E-08     0.00    0.00    0.000
  24  329.0000
               247.20 3.666E-04 7.859E-08     0.00    0.00    0.000
  25  378.0000
               253.95 6.405E-04 7.216E-08     0.00    0.00    0.000
  26  432.0000
               260.65 1.065E-03 6.816E-08     0.00    0.00    0.000
  27  492.0000
               267.35 1.726E-03 6.439E-08     0.00    0.00    0.005
  28  559.0000
               274.05 2.736E-03 6.084E-08     0.00    0.00    0.005
  29  633.0000
               280.50 4.349E-03 5.860E-08     0.00    0.00    0.005
  30  715.0000
               286.00 7.453E-03 5.680E-08     0.00    0.00    0.005
  31  805.0000
               291.25 1.085E-02 5.391E-08     0.00    0.00    0.005
  32  904.0000
               297.05 1.415E-02 4.995E-08     0.00    0.00    0.005
  33 1013.0000


 ******  RESULTS  ******

          p        flx        flc     dfdts    cooling rates
         (mb)    (W/m^2)    (W/m^2)  (W/m^2)      (C/day)

   1    0.0003  -296.568   -296.568  -0.862
                                                   -0.058
   2    0.0579  -296.569   -296.569  -0.862
                                                    1.525
   3    0.8540  -296.425   -296.425  -0.862
                                                    8.073
   4    1.5900  -295.721   -295.721  -0.862
                                                    7.004
   5    3.0500  -294.510   -294.510  -0.863
                                                    4.834
   6    6.0000  -292.820   -292.820  -0.865
                                                    3.089
   7   12.2000  -290.551   -290.551  -0.869
                                                    1.663
   8   25.7000  -287.892   -287.892  -0.882
                                                    0.499
   9   30.0000  -287.638   -287.638  -0.887
                                                    0.643
  10   35.0000  -287.257   -287.257  -0.891
                                                    0.576
  11   40.9000  -286.854   -286.854  -0.897
                                                    0.408
  12   48.0000  -286.511   -286.511  -0.902
                                                    0.188
  13   56.5000  -286.322   -286.322  -0.908
                                                   -0.007
  14   66.6000  -286.330   -286.330  -0.913
                                                   -0.156
  15   78.9000  -286.558   -286.558  -0.917
                                                   -0.275
  16   93.7000  -287.040   -287.040  -0.920
                                                   -0.419
  17  111.0000  -287.899   -287.899  -0.922
                                                   -0.163
  18  132.0000  -288.303   -288.303  -0.924
                                                    0.042
  19  156.0000  -288.185   -288.185  -0.926
                                                    0.258
  20  182.0000  -287.391   -287.391  -0.928
                                                    0.741
  21  213.0000  -284.671   -284.671  -0.931
                                                    1.426
  22  247.0000  -278.926   -278.926  -0.933
                                                    1.831
  23  286.0000  -270.466   -270.466  -0.935
                                                    2.016
  24  329.0000  -260.199   -260.199  -0.938
                                                    2.211
  25  378.0000  -247.363   -247.363  -0.940
                                                    2.088
  26  432.0000  -234.008   -234.008  -0.944
                                                    2.022
  27  492.0000  -219.634   -219.634  -0.949
                                                    2.134
  28  559.0000  -202.700   -202.700  -0.957
                                                    2.380
  29  633.0000  -181.842   -181.842  -0.975
                                                    2.349
  30  715.0000  -159.025   -159.025  -1.015
                                                    2.403
  31  805.0000  -133.405   -133.405  -1.137
                                                    2.586
  32  904.0000  -103.072   -103.072  -1.490
                                                    2.447
  33 1013.0000   -71.480    -71.480  -6.120

  sfcem= -459.42 W/m^2
